<?xml version="1.0" encoding="UTF-8"?>
<!-- Generated by org.testng.reporters.JUnitReportReporter -->
<testsuite hostname="DESKTOP-DPVNQAH" failures="0" tests="3" name="xmlStudy.MyTest2" time="0.007" errors="0" timestamp="2022-06-13T13:56:59 IST" skipped="0">
  <testcase classname="xmlStudy.MyTest2" name="myMethod8" time="0.003"/>
  <system-out>
    <![CDATA[my Method8 is Running]]>
  </system-out>
  <testcase classname="xmlStudy.MyTest2" name="myMethod10" time="0.002"/>
  <system-out>
    <![CDATA[my Method10 is Running]]>
  </system-out>
  <testcase classname="xmlStudy.MyTest2" name="myMethod9" time="0.002"/>
  <system-out>
    <![CDATA[my Method9 is Running]]>
  </system-out>
</testsuite> <!-- xmlStudy.MyTest2 -->
