<?xml version="1.0" encoding="UTF-8"?>
<!-- Generated by org.testng.reporters.JUnitReportReporter -->
<testsuite hostname="DESKTOP-DPVNQAH" failures="0" tests="4" name="testClass.EnabledUse" time="0.019" errors="0" timestamp="2022-06-13T12:50:53 IST" skipped="1">
  <testcase classname="testClass.EnabledUse" name="B" time="0.002"/>
  <system-out>
    <![CDATA[B is running]]>
  </system-out>
  <testcase classname="testClass.EnabledUse" name="A" time="0.015"/>
  <system-out>
    <![CDATA[A is running]]>
  </system-out>
  <testcase classname="testClass.EnabledUse" name="D" time="0.002"/>
  <system-out>
    <![CDATA[D is running]]>
  </system-out>
  <testcase classname="testClass.EnabledUse" name="C">
    <skipped/>
  </testcase> <!-- C -->
  <system-out/>
</testsuite> <!-- testClass.EnabledUse -->
