<?xml version="1.0" encoding="UTF-8"?>
<!-- Generated by org.testng.reporters.JUnitReportReporter -->
<testsuite hostname="DESKTOP-DPVNQAH" failures="0" tests="4" name="testClass.TimeOut" time="1.242" errors="0" timestamp="2022-06-13T12:53:54 IST" skipped="0">
  <testcase classname="testClass.TimeOut" name="B" time="0.003"/>
  <system-out>
    <![CDATA[B is running]]>
  </system-out>
  <testcase classname="testClass.TimeOut" name="D" time="1.216"/>
  <system-out>
    <![CDATA[D is running]]>
  </system-out>
  <testcase classname="testClass.TimeOut" name="A" time="0.021"/>
  <system-out>
    <![CDATA[A is running]]>
  </system-out>
  <testcase classname="testClass.TimeOut" name="C" time="0.002"/>
  <system-out>
    <![CDATA[C is running]]>
  </system-out>
</testsuite> <!-- testClass.TimeOut -->
