<?xml version="1.0" encoding="UTF-8"?>
<!-- Generated by org.testng.reporters.JUnitReportReporter -->
<testsuite hostname="DESKTOP-DPVNQAH" failures="0" tests="1" name="parallelExecution.MyTest3" time="14.734" errors="0" timestamp="2022-06-26T18:08:49 IST" skipped="0">
  <testcase classname="parallelExecution.MyTest3" name="Method1" time="14.734"/>
  <system-out>
    <![CDATA[method1 is running]]>
  </system-out>
</testsuite> <!-- parallelExecution.MyTest3 -->
