<?xml version="1.0" encoding="UTF-8"?>
<!-- Generated by org.testng.reporters.JUnitReportReporter -->
<testsuite hostname="DESKTOP-DPVNQAH" failures="0" tests="3" name="testClass.InvocationUse" time="0.028" errors="0" timestamp="2022-06-13T12:44:29 IST" skipped="0">
  <testcase classname="testClass.InvocationUse" name="myMethod" time="0.003"/>
  <system-out>
    <![CDATA[my Method is Running]]>
  </system-out>
  <testcase classname="testClass.InvocationUse" name="myMethod" time="0.007"/>
  <system-out>
    <![CDATA[my Method is Running]]>
  </system-out>
  <testcase classname="testClass.InvocationUse" name="myMethod" time="0.018"/>
  <system-out>
    <![CDATA[my Method is Running]]>
  </system-out>
</testsuite> <!-- testClass.InvocationUse -->
