<?xml version="1.0" encoding="UTF-8"?>
<!-- Generated by org.testng.reporters.JUnitReportReporter -->
<testsuite hostname="DESKTOP-DPVNQAH" failures="0" tests="3" name="xmlStudy.MyTest4" time="0.012" errors="0" timestamp="2022-06-14T10:42:58 IST" skipped="0">
  <testcase classname="xmlStudy.MyTest4" name="myMethod8" time="0.007"/>
  <system-out>
    <![CDATA[my Method8 is Running]]>
  </system-out>
  <testcase classname="xmlStudy.MyTest4" name="myMethod9" time="0.001"/>
  <system-out>
    <![CDATA[my Method9 is Running]]>
  </system-out>
  <testcase classname="xmlStudy.MyTest4" name="myMethod10" time="0.004"/>
  <system-out>
    <![CDATA[my Method10 is Running]]>
  </system-out>
</testsuite> <!-- xmlStudy.MyTest4 -->
