<?xml version="1.0" encoding="UTF-8"?>
<!-- Generated by org.testng.reporters.JUnitReportReporter -->
<testsuite hostname="DESKTOP-DPVNQAH" failures="0" tests="3" name="testClass.NewTest" time="201.680" errors="0" timestamp="2022-06-09T13:48:22 IST" skipped="0">
  <testcase classname="testClass.NewTest" name="Method1" time="34.497"/>
  <system-out>
    <![CDATA[method1 is running]]>
  </system-out>
  <testcase classname="testClass.NewTest" name="Method2" time="115.346"/>
  <system-out>
    <![CDATA[method2 is running]]>
  </system-out>
  <testcase classname="testClass.NewTest" name="Method" time="51.837"/>
  <system-out/>
</testsuite> <!-- testClass.NewTest -->
