<?xml version="1.0" encoding="UTF-8"?>
<!-- Generated by org.testng.reporters.JUnitReportReporter -->
<testsuite hostname="DESKTOP-DPVNQAH" failures="0" tests="1" name="assertClass.AssertEqualandNotEqual" time="0.022" errors="0" timestamp="2022-06-17T19:02:32 IST" skipped="0">
  <testcase classname="assertClass.AssertEqualandNotEqual" name="f" time="0.022"/>
  <system-out>
    <![CDATA[string are matched TC is passed
string are not matching TC is passed]]>
  </system-out>
</testsuite> <!-- assertClass.AssertEqualandNotEqual -->
