<?xml version="1.0" encoding="UTF-8"?>
<!-- Generated by org.testng.reporters.JUnitReportReporter -->
<testsuite hostname="DESKTOP-DPVNQAH" failures="0" tests="4" name="testClass.Priority" time="0.036" errors="0" timestamp="2022-06-13T12:48:03 IST" skipped="0">
  <testcase classname="testClass.Priority" name="D" time="0.004"/>
  <system-out>
    <![CDATA[D is running]]>
  </system-out>
  <testcase classname="testClass.Priority" name="C" time="0.022"/>
  <system-out>
    <![CDATA[C is running]]>
  </system-out>
  <testcase classname="testClass.Priority" name="A" time="0.007"/>
  <system-out>
    <![CDATA[A is running]]>
  </system-out>
  <testcase classname="testClass.Priority" name="B" time="0.003"/>
  <system-out>
    <![CDATA[B is running]]>
  </system-out>
</testsuite> <!-- testClass.Priority -->
