<?xml version="1.0" encoding="UTF-8"?>
<!-- Generated by org.testng.reporters.JUnitReportReporter -->
<testsuite hostname="DESKTOP-DPVNQAH" failures="0" tests="2" name="xmlStudy.MyTest3" time="0.016" errors="0" timestamp="2022-06-14T10:42:58 IST" skipped="0">
  <testcase classname="xmlStudy.MyTest3" name="myMethod4" time="0.002"/>
  <system-out>
    <![CDATA[my Method4 is Running]]>
  </system-out>
  <testcase classname="xmlStudy.MyTest3" name="myMethod3" time="0.014"/>
  <system-out>
    <![CDATA[my Method3 is Running]]>
  </system-out>
</testsuite> <!-- xmlStudy.MyTest3 -->
