<?xml version="1.0" encoding="UTF-8"?>
<!-- Generated by org.testng.reporters.JUnitReportReporter -->
<testsuite hostname="DESKTOP-DPVNQAH" failures="0" tests="1" name="assertClass.AseertTrueandFalse" time="0.018" errors="0" timestamp="2022-06-17T19:06:39 IST" skipped="0">
  <testcase classname="assertClass.AseertTrueandFalse" name="f" time="0.018"/>
  <system-out>
    <![CDATA[value is true TC is passed
value is false TC is passed]]>
  </system-out>
</testsuite> <!-- assertClass.AseertTrueandFalse -->
