<?xml version="1.0" encoding="UTF-8"?>
<!-- Generated by org.testng.reporters.JUnitReportReporter -->
<testsuite hostname="DESKTOP-DPVNQAH" failures="0" tests="1" name="parallelExecution.MyTest1" time="25.009" errors="0" timestamp="2022-06-26T18:08:49 IST" skipped="0">
  <testcase classname="parallelExecution.MyTest1" name="Method1" time="25.009"/>
  <system-out>
    <![CDATA[method1 is runnig]]>
  </system-out>
</testsuite> <!-- parallelExecution.MyTest1 -->
