<?xml version="1.0" encoding="UTF-8"?>
<!-- Generated by org.testng.reporters.JUnitReportReporter -->
<testsuite hostname="DESKTOP-DPVNQAH" failures="0" tests="3" name="xmlStudy.MyTest" time="0.017" errors="0" timestamp="2022-06-13T13:56:59 IST" skipped="0">
  <testcase classname="xmlStudy.MyTest" name="myMethod1" time="0.013"/>
  <system-out>
    <![CDATA[my Method1 is Running]]>
  </system-out>
  <testcase classname="xmlStudy.MyTest" name="myMethod3" time="0.002"/>
  <system-out>
    <![CDATA[my Method3 is Running]]>
  </system-out>
  <testcase classname="xmlStudy.MyTest" name="myMethod2" time="0.002"/>
  <system-out>
    <![CDATA[my Method2 is Running]]>
  </system-out>
</testsuite> <!-- xmlStudy.MyTest -->
